<?xml version="1.0" encoding="UTF-8"?>
<Site BuildName="(empty)"
	BuildStamp="20210304-2101-Experimental"
	Name="(empty)"
	Generator="ctest-3.19.4"
	CompilerName=""
	CompilerVersion=""
	OSName="macOS"
	Hostname="nightowl.truman.edu"
	OSRelease="11.2.2"
	OSVersion="20D80"
	OSPlatform="x86_64"
	Is64Bits="1"
	VendorString="GenuineIntel"
	VendorID="Intel Corporation"
	FamilyID="6"
	ModelID="142"
	ProcessorCacheSize="32768"
	NumberOfLogicalCPU="8"
	NumberOfPhysicalCPU="4"
	TotalVirtualMemory="2048"
	TotalPhysicalMemory="8192"
	LogicalProcessorsPerPhysical="8"
	ProcessorClockFrequency="2300"
	>
	<Testing>
		<StartDateTime>Mar 04 15:01 CST</StartDateTime>
		<StartTestTime>1614891708</StartTestTime>
		<TestList/>
		<EndDateTime>Mar 04 15:01 CST</EndDateTime>
		<EndTestTime>1614891708</EndTestTime>
		<ElapsedMinutes>0</ElapsedMinutes>
	</Testing>
</Site>
